<?xml version="1.0" encoding="UTF-8"?>
<coverage generated="1557214932297" clover="3.2.0">
  <project timestamp="1557214932297" name="All files">
    <metrics statements="47" coveredstatements="47" conditionals="43" coveredconditionals="42" methods="8" coveredmethods="8" elements="98" coveredelements="97" complexity="0" loc="47" ncloc="47" packages="1" files="2" classes="2"/>
    <file name="CarInsurance.js" path="C:\Users\paabreuf\Documents\_DEVELOPMENT\_STUDY\_NODE\_JOB_APPLICATIONS\_COMPARA_ONLINE\src\classes\CarInsurance.js">
      <metrics statements="43" coveredstatements="43" conditionals="43" coveredconditionals="42" methods="7" coveredmethods="7"/>
      <line num="7" count="25" type="stmt"/>
      <line num="13" count="24" type="stmt"/>
      <line num="15" count="24" type="cond" truecount="6" falsecount="0"/>
      <line num="18" count="4" type="stmt"/>
      <line num="19" count="4" type="stmt"/>
      <line num="22" count="7" type="stmt"/>
      <line num="23" count="7" type="stmt"/>
      <line num="27" count="6" type="stmt"/>
      <line num="28" count="6" type="stmt"/>
      <line num="31" count="6" type="stmt"/>
      <line num="32" count="6" type="stmt"/>
      <line num="35" count="1" type="stmt"/>
      <line num="38" count="24" type="cond" truecount="2" falsecount="0"/>
      <line num="41" count="24" type="stmt"/>
      <line num="46" count="7" type="cond" truecount="2" falsecount="0"/>
      <line num="48" count="1" type="stmt"/>
      <line num="52" count="6" type="cond" truecount="2" falsecount="0"/>
      <line num="54" count="5" type="cond" truecount="2" falsecount="0"/>
      <line num="56" count="4" type="cond" truecount="2" falsecount="0"/>
      <line num="58" count="4" type="cond" truecount="2" falsecount="0"/>
      <line num="60" count="2" type="cond" truecount="2" falsecount="0"/>
      <line num="65" count="1" type="stmt"/>
      <line num="71" count="1" type="stmt"/>
      <line num="77" count="7" type="stmt"/>
      <line num="83" count="4" type="cond" truecount="2" falsecount="0"/>
      <line num="85" count="3" type="cond" truecount="2" falsecount="0"/>
      <line num="87" count="2" type="stmt"/>
      <line num="91" count="3" type="cond" truecount="2" falsecount="0"/>
      <line num="95" count="1" type="stmt"/>
      <line num="99" count="4" type="stmt"/>
      <line num="104" count="6" type="cond" truecount="2" falsecount="0"/>
      <line num="106" count="5" type="cond" truecount="2" falsecount="0"/>
      <line num="108" count="4" type="cond" truecount="2" falsecount="0"/>
      <line num="112" count="5" type="cond" truecount="4" falsecount="0"/>
      <line num="116" count="1" type="stmt"/>
      <line num="120" count="6" type="stmt"/>
      <line num="125" count="6" type="cond" truecount="2" falsecount="0"/>
      <line num="127" count="5" type="cond" truecount="2" falsecount="0"/>
      <line num="129" count="3" type="stmt"/>
      <line num="133" count="5" type="cond" truecount="2" falsecount="0"/>
      <line num="137" count="1" type="stmt"/>
      <line num="141" count="6" type="stmt"/>
      <line num="146" count="1" type="stmt"/>
    </file>
    <file name="Product.js" path="C:\Users\paabreuf\Documents\_DEVELOPMENT\_STUDY\_NODE\_JOB_APPLICATIONS\_COMPARA_ONLINE\src\classes\Product.js">
      <metrics statements="4" coveredstatements="4" conditionals="0" coveredconditionals="0" methods="1" coveredmethods="1"/>
      <line num="5" count="26" type="stmt"/>
      <line num="6" count="26" type="stmt"/>
      <line num="7" count="26" type="stmt"/>
      <line num="11" count="1" type="stmt"/>
    </file>
  </project>
</coverage>
