{"C:\\Users\\paabreuf\\Documents\\_DEVELOPMENT\\_STUDY\\_NODE\\_JOB_APPLICATIONS\\_COMPARA_ONLINE\\src\\classes\\CarInsurance.js": {"path":"C:\\Users\\paabreuf\\Documents\\_DEVELOPMENT\\_STUDY\\_NODE\\_JOB_APPLICATIONS\\_COMPARA_ONLINE\\src\\classes\\CarInsurance.js","statementMap":{"0":{"start":{"line":7,"column":4},"end":{"line":7,"column":29}},"1":{"start":{"line":13,"column":4},"end":{"line":39,"column":7}},"2":{"start":{"line":15,"column":6},"end":{"line":36,"column":7}},"3":{"start":{"line":18,"column":10},"end":{"line":18,"column":47}},"4":{"start":{"line":19,"column":10},"end":{"line":19,"column":16}},"5":{"start":{"line":22,"column":10},"end":{"line":22,"column":54}},"6":{"start":{"line":23,"column":10},"end":{"line":23,"column":16}},"7":{"start":{"line":27,"column":10},"end":{"line":27,"column":52}},"8":{"start":{"line":28,"column":10},"end":{"line":28,"column":16}},"9":{"start":{"line":31,"column":10},"end":{"line":31,"column":44}},"10":{"start":{"line":32,"column":10},"end":{"line":32,"column":16}},"11":{"start":{"line":35,"column":10},"end":{"line":35,"column":16}},"12":{"start":{"line":38,"column":6},"end":{"line":38,"column":91}},"13":{"start":{"line":41,"column":4},"end":{"line":41,"column":25}},"14":{"start":{"line":46,"column":4},"end":{"line":75,"column":5}},"15":{"start":{"line":48,"column":6},"end":{"line":48,"column":24}},"16":{"start":{"line":52,"column":6},"end":{"line":73,"column":7}},"17":{"start":{"line":54,"column":8},"end":{"line":67,"column":9}},"18":{"start":{"line":56,"column":10},"end":{"line":56,"column":89}},"19":{"start":{"line":58,"column":10},"end":{"line":62,"column":11}},"20":{"start":{"line":60,"column":12},"end":{"line":60,"column":72}},"21":{"start":{"line":65,"column":10},"end":{"line":65,"column":44}},"22":{"start":{"line":71,"column":8},"end":{"line":71,"column":27}},"23":{"start":{"line":77,"column":4},"end":{"line":77,"column":19}},"24":{"start":{"line":83,"column":4},"end":{"line":97,"column":5}},"25":{"start":{"line":85,"column":6},"end":{"line":89,"column":7}},"26":{"start":{"line":87,"column":8},"end":{"line":87,"column":42}},"27":{"start":{"line":91,"column":6},"end":{"line":91,"column":66}},"28":{"start":{"line":95,"column":6},"end":{"line":95,"column":25}},"29":{"start":{"line":99,"column":4},"end":{"line":99,"column":19}},"30":{"start":{"line":104,"column":4},"end":{"line":118,"column":5}},"31":{"start":{"line":106,"column":6},"end":{"line":110,"column":7}},"32":{"start":{"line":108,"column":8},"end":{"line":108,"column":86}},"33":{"start":{"line":112,"column":6},"end":{"line":112,"column":108}},"34":{"start":{"line":116,"column":6},"end":{"line":116,"column":24}},"35":{"start":{"line":120,"column":4},"end":{"line":120,"column":19}},"36":{"start":{"line":125,"column":4},"end":{"line":139,"column":5}},"37":{"start":{"line":127,"column":6},"end":{"line":131,"column":7}},"38":{"start":{"line":129,"column":8},"end":{"line":129,"column":42}},"39":{"start":{"line":133,"column":6},"end":{"line":133,"column":64}},"40":{"start":{"line":137,"column":6},"end":{"line":137,"column":24}},"41":{"start":{"line":141,"column":4},"end":{"line":141,"column":19}},"42":{"start":{"line":146,"column":0},"end":{"line":146,"column":30}}},"fnMap":{"0":{"name":"(anonymous_0)","decl":{"start":{"line":5,"column":2},"end":{"line":5,"column":3}},"loc":{"start":{"line":5,"column":29},"end":{"line":9,"column":3}},"line":5},"1":{"name":"(anonymous_1)","decl":{"start":{"line":11,"column":2},"end":{"line":11,"column":3}},"loc":{"start":{"line":11,"column":16},"end":{"line":42,"column":3}},"line":11},"2":{"name":"(anonymous_2)","decl":{"start":{"line":13,"column":26},"end":{"line":13,"column":27}},"loc":{"start":{"line":13,"column":37},"end":{"line":39,"column":5}},"line":13},"3":{"name":"(anonymous_3)","decl":{"start":{"line":44,"column":2},"end":{"line":44,"column":3}},"loc":{"start":{"line":44,"column":31},"end":{"line":78,"column":3}},"line":44},"4":{"name":"(anonymous_4)","decl":{"start":{"line":81,"column":2},"end":{"line":81,"column":3}},"loc":{"start":{"line":81,"column":24},"end":{"line":100,"column":3}},"line":81},"5":{"name":"(anonymous_5)","decl":{"start":{"line":102,"column":2},"end":{"line":102,"column":3}},"loc":{"start":{"line":102,"column":21},"end":{"line":121,"column":3}},"line":102},"6":{"name":"(anonymous_6)","decl":{"start":{"line":123,"column":2},"end":{"line":123,"column":3}},"loc":{"start":{"line":123,"column":29},"end":{"line":142,"column":3}},"line":123}},"branchMap":{"0":{"loc":{"start":{"line":5,"column":14},"end":{"line":5,"column":27}},"type":"default-arg","locations":[{"start":{"line":5,"column":25},"end":{"line":5,"column":27}}],"line":5},"1":{"loc":{"start":{"line":15,"column":6},"end":{"line":36,"column":7}},"type":"switch","locations":[{"start":{"line":17,"column":8},"end":{"line":19,"column":16}},{"start":{"line":21,"column":8},"end":{"line":23,"column":16}},{"start":{"line":25,"column":8},"end":{"line":25,"column":28}},{"start":{"line":26,"column":8},"end":{"line":28,"column":16}},{"start":{"line":30,"column":8},"end":{"line":32,"column":16}},{"start":{"line":34,"column":8},"end":{"line":35,"column":16}}],"line":15},"2":{"loc":{"start":{"line":38,"column":23},"end":{"line":38,"column":90}},"type":"cond-expr","locations":[{"start":{"line":38,"column":57},"end":{"line":38,"column":73}},{"start":{"line":38,"column":76},"end":{"line":38,"column":90}}],"line":38},"3":{"loc":{"start":{"line":46,"column":4},"end":{"line":75,"column":5}},"type":"if","locations":[{"start":{"line":46,"column":4},"end":{"line":75,"column":5}},{"start":{"line":46,"column":4},"end":{"line":75,"column":5}}],"line":46},"4":{"loc":{"start":{"line":52,"column":6},"end":{"line":73,"column":7}},"type":"if","locations":[{"start":{"line":52,"column":6},"end":{"line":73,"column":7}},{"start":{"line":52,"column":6},"end":{"line":73,"column":7}}],"line":52},"5":{"loc":{"start":{"line":54,"column":8},"end":{"line":67,"column":9}},"type":"if","locations":[{"start":{"line":54,"column":8},"end":{"line":67,"column":9}},{"start":{"line":54,"column":8},"end":{"line":67,"column":9}}],"line":54},"6":{"loc":{"start":{"line":56,"column":26},"end":{"line":56,"column":88}},"type":"cond-expr","locations":[{"start":{"line":56,"column":51},"end":{"line":56,"column":68}},{"start":{"line":56,"column":71},"end":{"line":56,"column":88}}],"line":56},"7":{"loc":{"start":{"line":58,"column":10},"end":{"line":62,"column":11}},"type":"if","locations":[{"start":{"line":58,"column":10},"end":{"line":62,"column":11}},{"start":{"line":58,"column":10},"end":{"line":62,"column":11}}],"line":58},"8":{"loc":{"start":{"line":60,"column":28},"end":{"line":60,"column":71}},"type":"cond-expr","locations":[{"start":{"line":60,"column":49},"end":{"line":60,"column":66}},{"start":{"line":60,"column":69},"end":{"line":60,"column":71}}],"line":60},"9":{"loc":{"start":{"line":83,"column":4},"end":{"line":97,"column":5}},"type":"if","locations":[{"start":{"line":83,"column":4},"end":{"line":97,"column":5}},{"start":{"line":83,"column":4},"end":{"line":97,"column":5}}],"line":83},"10":{"loc":{"start":{"line":85,"column":6},"end":{"line":89,"column":7}},"type":"if","locations":[{"start":{"line":85,"column":6},"end":{"line":89,"column":7}},{"start":{"line":85,"column":6},"end":{"line":89,"column":7}}],"line":85},"11":{"loc":{"start":{"line":91,"column":22},"end":{"line":91,"column":65}},"type":"cond-expr","locations":[{"start":{"line":91,"column":43},"end":{"line":91,"column":60}},{"start":{"line":91,"column":63},"end":{"line":91,"column":65}}],"line":91},"12":{"loc":{"start":{"line":104,"column":4},"end":{"line":118,"column":5}},"type":"if","locations":[{"start":{"line":104,"column":4},"end":{"line":118,"column":5}},{"start":{"line":104,"column":4},"end":{"line":118,"column":5}}],"line":104},"13":{"loc":{"start":{"line":106,"column":6},"end":{"line":110,"column":7}},"type":"if","locations":[{"start":{"line":106,"column":6},"end":{"line":110,"column":7}},{"start":{"line":106,"column":6},"end":{"line":110,"column":7}}],"line":106},"14":{"loc":{"start":{"line":108,"column":24},"end":{"line":108,"column":85}},"type":"cond-expr","locations":[{"start":{"line":108,"column":48},"end":{"line":108,"column":65}},{"start":{"line":108,"column":68},"end":{"line":108,"column":85}}],"line":108},"15":{"loc":{"start":{"line":112,"column":22},"end":{"line":112,"column":107}},"type":"cond-expr","locations":[{"start":{"line":112,"column":42},"end":{"line":112,"column":103}},{"start":{"line":112,"column":106},"end":{"line":112,"column":107}}],"line":112},"16":{"loc":{"start":{"line":112,"column":42},"end":{"line":112,"column":103}},"type":"cond-expr","locations":[{"start":{"line":112,"column":66},"end":{"line":112,"column":83}},{"start":{"line":112,"column":86},"end":{"line":112,"column":103}}],"line":112},"17":{"loc":{"start":{"line":125,"column":4},"end":{"line":139,"column":5}},"type":"if","locations":[{"start":{"line":125,"column":4},"end":{"line":139,"column":5}},{"start":{"line":125,"column":4},"end":{"line":139,"column":5}}],"line":125},"18":{"loc":{"start":{"line":127,"column":6},"end":{"line":131,"column":7}},"type":"if","locations":[{"start":{"line":127,"column":6},"end":{"line":131,"column":7}},{"start":{"line":127,"column":6},"end":{"line":131,"column":7}}],"line":127},"19":{"loc":{"start":{"line":133,"column":22},"end":{"line":133,"column":63}},"type":"cond-expr","locations":[{"start":{"line":133,"column":42},"end":{"line":133,"column":59}},{"start":{"line":133,"column":62},"end":{"line":133,"column":63}}],"line":133}},"s":{"0":25,"1":24,"2":24,"3":4,"4":4,"5":7,"6":7,"7":6,"8":6,"9":6,"10":6,"11":1,"12":24,"13":24,"14":7,"15":1,"16":6,"17":5,"18":4,"19":4,"20":2,"21":1,"22":1,"23":7,"24":4,"25":3,"26":2,"27":3,"28":1,"29":4,"30":6,"31":5,"32":4,"33":5,"34":1,"35":6,"36":6,"37":5,"38":3,"39":5,"40":1,"41":6,"42":1},"f":{"0":25,"1":24,"2":24,"3":7,"4":4,"5":6,"6":6},"b":{"0":[0],"1":[4,7,4,6,6,1],"2":[23,1],"3":[1,6],"4":[5,1],"5":[4,1],"6":[3,1],"7":[2,2],"8":[1,1],"9":[3,1],"10":[2,1],"11":[2,1],"12":[5,1],"13":[4,1],"14":[3,1],"15":[3,2],"16":[2,1],"17":[5,1],"18":[3,2],"19":[4,1]},"_coverageSchema":"43e27e138ebf9cfc5966b082cf9a028302ed4184","hash":"ee724d22b3337a6f401606d722e31a87b885423a"}
,"C:\\Users\\paabreuf\\Documents\\_DEVELOPMENT\\_STUDY\\_NODE\\_JOB_APPLICATIONS\\_COMPARA_ONLINE\\src\\classes\\Product.js": {"path":"C:\\Users\\paabreuf\\Documents\\_DEVELOPMENT\\_STUDY\\_NODE\\_JOB_APPLICATIONS\\_COMPARA_ONLINE\\src\\classes\\Product.js","statementMap":{"0":{"start":{"line":5,"column":6},"end":{"line":5,"column":23}},"1":{"start":{"line":6,"column":6},"end":{"line":6,"column":27}},"2":{"start":{"line":7,"column":6},"end":{"line":7,"column":25}},"3":{"start":{"line":11,"column":2},"end":{"line":11,"column":27}}},"fnMap":{"0":{"name":"(anonymous_0)","decl":{"start":{"line":4,"column":4},"end":{"line":4,"column":5}},"loc":{"start":{"line":4,"column":37},"end":{"line":8,"column":5}},"line":4}},"branchMap":{},"s":{"0":26,"1":26,"2":26,"3":1},"f":{"0":26},"b":{},"_coverageSchema":"43e27e138ebf9cfc5966b082cf9a028302ed4184","hash":"67b799c358779574d36a323e167b45bafe1646d7"}
}
