TN:
SF:C:\Users\paabreuf\Documents\_DEVELOPMENT\_STUDY\_NODE\_JOB_APPLICATIONS\_COMPARA_ONLINE\src\classes\CarInsurance.js
FN:5,(anonymous_0)
FN:11,(anonymous_1)
FN:13,(anonymous_2)
FN:44,(anonymous_3)
FN:81,(anonymous_4)
FN:102,(anonymous_5)
FN:123,(anonymous_6)
FNF:7
FNH:7
FNDA:25,(anonymous_0)
FNDA:24,(anonymous_1)
FNDA:24,(anonymous_2)
FNDA:7,(anonymous_3)
FNDA:4,(anonymous_4)
FNDA:6,(anonymous_5)
FNDA:6,(anonymous_6)
DA:7,25
DA:13,24
DA:15,24
DA:18,4
DA:19,4
DA:22,7
DA:23,7
DA:27,6
DA:28,6
DA:31,6
DA:32,6
DA:35,1
DA:38,24
DA:41,24
DA:46,7
DA:48,1
DA:52,6
DA:54,5
DA:56,4
DA:58,4
DA:60,2
DA:65,1
DA:71,1
DA:77,7
DA:83,4
DA:85,3
DA:87,2
DA:91,3
DA:95,1
DA:99,4
DA:104,6
DA:106,5
DA:108,4
DA:112,5
DA:116,1
DA:120,6
DA:125,6
DA:127,5
DA:129,3
DA:133,5
DA:137,1
DA:141,6
DA:146,1
LF:43
LH:43
BRDA:5,0,0,0
BRDA:15,1,0,4
BRDA:15,1,1,7
BRDA:15,1,2,4
BRDA:15,1,3,6
BRDA:15,1,4,6
BRDA:15,1,5,1
BRDA:38,2,0,23
BRDA:38,2,1,1
BRDA:46,3,0,1
BRDA:46,3,1,6
BRDA:52,4,0,5
BRDA:52,4,1,1
BRDA:54,5,0,4
BRDA:54,5,1,1
BRDA:56,6,0,3
BRDA:56,6,1,1
BRDA:58,7,0,2
BRDA:58,7,1,2
BRDA:60,8,0,1
BRDA:60,8,1,1
BRDA:83,9,0,3
BRDA:83,9,1,1
BRDA:85,10,0,2
BRDA:85,10,1,1
BRDA:91,11,0,2
BRDA:91,11,1,1
BRDA:104,12,0,5
BRDA:104,12,1,1
BRDA:106,13,0,4
BRDA:106,13,1,1
BRDA:108,14,0,3
BRDA:108,14,1,1
BRDA:112,15,0,3
BRDA:112,15,1,2
BRDA:112,16,0,2
BRDA:112,16,1,1
BRDA:125,17,0,5
BRDA:125,17,1,1
BRDA:127,18,0,3
BRDA:127,18,1,2
BRDA:133,19,0,4
BRDA:133,19,1,1
BRF:43
BRH:42
end_of_record
TN:
SF:C:\Users\paabreuf\Documents\_DEVELOPMENT\_STUDY\_NODE\_JOB_APPLICATIONS\_COMPARA_ONLINE\src\classes\Product.js
FN:4,(anonymous_0)
FNF:1
FNH:1
FNDA:26,(anonymous_0)
DA:5,26
DA:6,26
DA:7,26
DA:11,1
LF:4
LH:4
BRF:0
BRH:0
end_of_record
